# JRE version: Java(TM) SE Runtime Environment (8.0_241-b07) (build 1.8.0_241-b07)
# Java VM: Java HotSpot(TM) 64-Bit Server VM (25.241-b07 mixed mode windows-amd64 compressed oops)
Heap:
 PSYoungGen      total 26112K, used 5899K [0x00000000fdf00000, 0x0000000100000000, 0x0000000100000000)
  eden space 18432K, 14% used [0x00000000fdf00000,0x00000000fe19e518,0x00000000ff100000)
  from space 7680K, 41% used [0x00000000ff100000,0x00000000ff424758,0x00000000ff880000)
  to   space 7680K, 0% used [0x00000000ff880000,0x00000000ff880000,0x0000000100000000)
 ParOldGen       total 68608K, used 8638K [0x00000000f9c00000, 0x00000000fdf00000, 0x00000000fdf00000)
  object space 68608K, 12% used [0x00000000f9c00000,0x00000000fa46fa48,0x00000000fdf00000)
 Metaspace       used 19716K, capacity 20446K, committed 20480K, reserved 1067008K
  class space    used 2626K, capacity 2787K, committed 2816K, reserved 1048576K
GC Heap History (10 events):
Event: 4.645 GC heap before
{Heap before GC invocations=3 (full 0):
 PSYoungGen      total 29696K, used 29691K [0x00000000fdf00000, 0x0000000100000000, 0x0000000100000000)
  eden space 25600K, 100% used [0x00000000fdf00000,0x00000000ff800000,0x00000000ff800000)
  from space 4096K, 99% used [0x00000000ffc00000,0x00000000ffffef98,0x0000000100000000)
  to   space 4096K, 0% used [0x00000000ff800000,0x00000000ff800000,0x00000000ffc00000)
 ParOldGen       total 68608K, used 74K [0x00000000f9c00000, 0x00000000fdf00000, 0x00000000fdf00000)
  object space 68608K, 0% used [0x00000000f9c00000,0x00000000f9c128e0,0x00000000fdf00000)
 Metaspace       used 12828K, capacity 13244K, committed 13568K, reserved 1060864K
  class space    used 1592K, capacity 1718K, committed 1792K, reserved 1048576K
Event: 4.663 GC heap after
Heap after GC invocations=3 (full 0):
 PSYoungGen      total 29696K, used 4072K [0x00000000fdf00000, 0x0000000100000000, 0x0000000100000000)
  eden space 25600K, 0% used [0x00000000fdf00000,0x00000000fdf00000,0x00000000ff800000)
  from space 4096K, 99% used [0x00000000ff800000,0x00000000ffbfa2a0,0x00000000ffc00000)
  to   space 4096K, 0% used [0x00000000ffc00000,0x00000000ffc00000,0x0000000100000000)
 ParOldGen       total 68608K, used 719K [0x00000000f9c00000, 0x00000000fdf00000, 0x00000000fdf00000)
  object space 68608K, 1% used [0x00000000f9c00000,0x00000000f9cb3d40,0x00000000fdf00000)
 Metaspace       used 12828K, capacity 13244K, committed 13568K, reserved 1060864K
  class space    used 1592K, capacity 1718K, committed 1792K, reserved 1048576K
}
Event: 4.990 GC heap before
{Heap before GC invocations=4 (full 0):
 PSYoungGen      total 29696K, used 29672K [0x00000000fdf00000, 0x0000000100000000, 0x0000000100000000)
  eden space 25600K, 100% used [0x00000000fdf00000,0x00000000ff800000,0x00000000ff800000)
  from space 4096K, 99% used [0x00000000ff800000,0x00000000ffbfa2a0,0x00000000ffc00000)
  to   space 4096K, 0% used [0x00000000ffc00000,0x00000000ffc00000,0x0000000100000000)
 ParOldGen       total 68608K, used 719K [0x00000000f9c00000, 0x00000000fdf00000, 0x00000000fdf00000)
  object space 68608K, 1% used [0x00000000f9c00000,0x00000000f9cb3d40,0x00000000fdf00000)
 Metaspace       used 14310K, capacity 14754K, committed 14848K, reserved 1062912K
  class space    used 1880K, capacity 2027K, committed 2048K, reserved 1048576K
Event: 4.998 GC heap after
Heap after GC invocations=4 (full 0):
 PSYoungGen      total 29696K, used 4084K [0x00000000fdf00000, 0x0000000100000000, 0x0000000100000000)
  eden space 25600K, 0% used [0x00000000fdf00000,0x00000000fdf00000,0x00000000ff800000)
  from space 4096K, 99% used [0x00000000ffc00000,0x00000000ffffd280,0x0000000100000000)
  to   space 4096K, 0% used [0x00000000ff800000,0x00000000ff800000,0x00000000ffc00000)
 ParOldGen       total 68608K, used 2039K [0x00000000f9c00000, 0x00000000fdf00000, 0x00000000fdf00000)
  object space 68608K, 2% used [0x00000000f9c00000,0x00000000f9dfdfb8,0x00000000fdf00000)
 Metaspace       used 14310K, capacity 14754K, committed 14848K, reserved 1062912K
  class space    used 1880K, capacity 2027K, committed 2048K, reserved 1048576K
}
Event: 7.824 GC heap before
{Heap before GC invocations=5 (full 0):
 PSYoungGen      total 29696K, used 29684K [0x00000000fdf00000, 0x0000000100000000, 0x0000000100000000)
  eden space 25600K, 100% used [0x00000000fdf00000,0x00000000ff800000,0x00000000ff800000)
  from space 4096K, 99% used [0x00000000ffc00000,0x00000000ffffd280,0x0000000100000000)
  to   space 4096K, 0% used [0x00000000ff800000,0x00000000ff800000,0x00000000ffc00000)
 ParOldGen       total 68608K, used 2039K [0x00000000f9c00000, 0x00000000fdf00000, 0x00000000fdf00000)
  object space 68608K, 2% used [0x00000000f9c00000,0x00000000f9dfdfb8,0x00000000fdf00000)
 Metaspace       used 17042K, capacity 17596K, committed 17792K, reserved 1064960K
  class space    used 2228K, capacity 2372K, committed 2432K, reserved 1048576K
Event: 7.848 GC heap after
Heap after GC invocations=5 (full 0):
 PSYoungGen      total 29696K, used 4084K [0x00000000fdf00000, 0x0000000100000000, 0x0000000100000000)
  eden space 25600K, 0% used [0x00000000fdf00000,0x00000000fdf00000,0x00000000ff800000)
  from space 4096K, 99% used [0x00000000ff800000,0x00000000ffbfd280,0x00000000ffc00000)
  to   space 4096K, 0% used [0x00000000ffc00000,0x00000000ffc00000,0x0000000100000000)
 ParOldGen       total 68608K, used 4874K [0x00000000f9c00000, 0x00000000fdf00000, 0x00000000fdf00000)
  object space 68608K, 7% used [0x00000000f9c00000,0x00000000fa0c2950,0x00000000fdf00000)
 Metaspace       used 17042K, capacity 17596K, committed 17792K, reserved 1064960K
  class space    used 2228K, capacity 2372K, committed 2432K, reserved 1048576K
}
Event: 8.372 GC heap before
{Heap before GC invocations=6 (full 0):
 PSYoungGen      total 29696K, used 29684K [0x00000000fdf00000, 0x0000000100000000, 0x0000000100000000)
  eden space 25600K, 100% used [0x00000000fdf00000,0x00000000ff800000,0x00000000ff800000)
  from space 4096K, 99% used [0x00000000ff800000,0x00000000ffbfd280,0x00000000ffc00000)
  to   space 4096K, 0% used [0x00000000ffc00000,0x00000000ffc00000,0x0000000100000000)
 ParOldGen       total 68608K, used 4874K [0x00000000f9c00000, 0x00000000fdf00000, 0x00000000fdf00000)
  object space 68608K, 7% used [0x00000000f9c00000,0x00000000fa0c2950,0x00000000fdf00000)
 Metaspace       used 18403K, capacity 19034K, committed 19328K, reserved 1067008K
  class space    used 2450K, capacity 2623K, committed 2688K, reserved 1048576K
Event: 8.401 GC heap after
Heap after GC invocations=6 (full 0):
 PSYoungGen      total 22528K, used 4084K [0x00000000fdf00000, 0x0000000100000000, 0x0000000100000000)
  eden space 18432K, 0% used [0x00000000fdf00000,0x00000000fdf00000,0x00000000ff100000)
  from space 4096K, 99% used [0x00000000ffc00000,0x00000000ffffd280,0x0000000100000000)
  to   space 7680K, 0% used [0x00000000ff100000,0x00000000ff100000,0x00000000ff880000)
 ParOldGen       total 68608K, used 6460K [0x00000000f9c00000, 0x00000000fdf00000, 0x00000000fdf00000)
  object space 68608K, 9% used [0x00000000f9c00000,0x00000000fa24f1a8,0x00000000fdf00000)
 Metaspace       used 18403K, capacity 19034K, committed 19328K, reserved 1067008K
  class space    used 2450K, capacity 2623K, committed 2688K, reserved 1048576K
}
Event: 8.901 GC heap before
{Heap before GC invocations=7 (full 0):
 PSYoungGen      total 22528K, used 22516K [0x00000000fdf00000, 0x0000000100000000, 0x0000000100000000)
  eden space 18432K, 100% used [0x00000000fdf00000,0x00000000ff100000,0x00000000ff100000)
  from space 4096K, 99% used [0x00000000ffc00000,0x00000000ffffd280,0x0000000100000000)
  to   space 7680K, 0% used [0x00000000ff100000,0x00000000ff100000,0x00000000ff880000)
 ParOldGen       total 68608K, used 6460K [0x00000000f9c00000, 0x00000000fdf00000, 0x00000000fdf00000)
  object space 68608K, 9% used [0x00000000f9c00000,0x00000000fa24f1a8,0x00000000fdf00000)
 Metaspace       used 19536K, capacity 20220K, committed 20480K, reserved 1067008K
  class space    used 2605K, capacity 2780K, committed 2816K, reserved 1048576K
Event: 8.907 GC heap after
Heap after GC invocations=7 (full 0):
 PSYoungGen      total 26112K, used 3217K [0x00000000fdf00000, 0x0000000100000000, 0x0000000100000000)
  eden space 18432K, 0% used [0x00000000fdf00000,0x00000000fdf00000,0x00000000ff100000)
  from space 7680K, 41% used [0x00000000ff100000,0x00000000ff424758,0x00000000ff880000)
  to   space 7680K, 0% used [0x00000000ff880000,0x00000000ff880000,0x0000000100000000)
 ParOldGen       total 68608K, used 8638K [0x00000000f9c00000, 0x00000000fdf00000, 0x00000000fdf00000)
  object space 68608K, 12% used [0x00000000f9c00000,0x00000000fa46fa48,0x00000000fdf00000)
 Metaspace       used 19536K, capacity 20220K, committed 20480K, reserved 1067008K
  class space    used 2605K, capacity 2780K, committed 2816K, reserved 1048576K
}

